2012/11/06 15:40:35 [error] [exception.CHttpException.403] exception 'CHttpException' with message 'You are not allowed to access this page.' in /var/www/yii/framework/gii/GiiModule.php:169
Stack trace:
#0 /var/www/yii/framework/web/CController.php(264): GiiModule->beforeControllerAction(Object(DefaultController), Object(CInlineAction))
#1 /var/www/yii/framework/web/CWebApplication.php(283): CController->run('')
#2 /var/www/yii/framework/web/CWebApplication.php(142): CWebApplication->runController('gii')
#3 /var/www/yii/framework/base/CApplication.php(162): CWebApplication->processRequest()
#4 /var/www/yii/kowop/index.php(13): CApplication->run()
#5 {main}
REQUEST_URI=/yii/kowop/?r=gii
---
2012/11/06 15:40:41 [error] [exception.CHttpException.403] exception 'CHttpException' with message 'You are not allowed to access this page.' in /var/www/yii/framework/gii/GiiModule.php:169
Stack trace:
#0 /var/www/yii/framework/web/CController.php(264): GiiModule->beforeControllerAction(Object(DefaultController), Object(CInlineAction))
#1 /var/www/yii/framework/web/CWebApplication.php(283): CController->run('')
#2 /var/www/yii/framework/web/CWebApplication.php(142): CWebApplication->runController('gii')
#3 /var/www/yii/framework/base/CApplication.php(162): CWebApplication->processRequest()
#4 /var/www/yii/kowop/index.php(13): CApplication->run()
#5 {main}
REQUEST_URI=/yii/kowop/?r=gii
---
2012/11/06 15:41:01 [error] [exception.CHttpException.403] exception 'CHttpException' with message 'You are not allowed to access this page.' in /var/www/yii/framework/gii/GiiModule.php:169
Stack trace:
#0 /var/www/yii/framework/web/CController.php(264): GiiModule->beforeControllerAction(Object(DefaultController), Object(CInlineAction))
#1 /var/www/yii/framework/web/CWebApplication.php(283): CController->run('')
#2 /var/www/yii/framework/web/CWebApplication.php(142): CWebApplication->runController('gii')
#3 /var/www/yii/framework/base/CApplication.php(162): CWebApplication->processRequest()
#4 /var/www/yii/kowop/index.php(13): CApplication->run()
#5 {main}
REQUEST_URI=/yii/kowop/?r=gii
---
2012/11/06 15:41:03 [error] [exception.CHttpException.403] exception 'CHttpException' with message 'You are not allowed to access this page.' in /var/www/yii/framework/gii/GiiModule.php:169
Stack trace:
#0 /var/www/yii/framework/web/CController.php(264): GiiModule->beforeControllerAction(Object(DefaultController), Object(CInlineAction))
#1 /var/www/yii/framework/web/CWebApplication.php(283): CController->run('')
#2 /var/www/yii/framework/web/CWebApplication.php(142): CWebApplication->runController('gii')
#3 /var/www/yii/framework/base/CApplication.php(162): CWebApplication->processRequest()
#4 /var/www/yii/kowop/index.php(13): CApplication->run()
#5 {main}
REQUEST_URI=/yii/kowop/?r=gii
---
2012/11/06 15:41:08 [error] [exception.CHttpException.403] exception 'CHttpException' with message 'You are not allowed to access this page.' in /var/www/yii/framework/gii/GiiModule.php:169
Stack trace:
#0 /var/www/yii/framework/web/CController.php(264): GiiModule->beforeControllerAction(Object(DefaultController), Object(CInlineAction))
#1 /var/www/yii/framework/web/CWebApplication.php(283): CController->run('')
#2 /var/www/yii/framework/web/CWebApplication.php(142): CWebApplication->runController('gii')
#3 /var/www/yii/framework/base/CApplication.php(162): CWebApplication->processRequest()
#4 /var/www/yii/kowop/index.php(13): CApplication->run()
#5 {main}
REQUEST_URI=/yii/kowop/?r=gii
---
2012/11/06 15:41:17 [error] [exception.CHttpException.403] exception 'CHttpException' with message 'You are not allowed to access this page.' in /var/www/yii/framework/gii/GiiModule.php:169
Stack trace:
#0 /var/www/yii/framework/web/CController.php(264): GiiModule->beforeControllerAction(Object(DefaultController), Object(CInlineAction))
#1 /var/www/yii/framework/web/CWebApplication.php(283): CController->run('')
#2 /var/www/yii/framework/web/CWebApplication.php(142): CWebApplication->runController('gii')
#3 /var/www/yii/framework/base/CApplication.php(162): CWebApplication->processRequest()
#4 /var/www/yii/kowop/index.php(13): CApplication->run()
#5 {main}
REQUEST_URI=/yii/kowop/index.php?r=gii
---
2012/11/06 15:41:25 [error] [exception.CHttpException.403] exception 'CHttpException' with message 'You are not allowed to access this page.' in /var/www/yii/framework/gii/GiiModule.php:169
Stack trace:
#0 /var/www/yii/framework/web/CController.php(264): GiiModule->beforeControllerAction(Object(DefaultController), Object(CInlineAction))
#1 /var/www/yii/framework/web/CWebApplication.php(283): CController->run('')
#2 /var/www/yii/framework/web/CWebApplication.php(142): CWebApplication->runController('gii')
#3 /var/www/yii/framework/base/CApplication.php(162): CWebApplication->processRequest()
#4 /var/www/yii/kowop/index.php(13): CApplication->run()
#5 {main}
REQUEST_URI=/yii/kowop/index.php?r=gii
HTTP_REFERER=http://192.168.1.59/yii/kowop/index.php?r=gii
---
2012/11/06 15:41:27 [error] [exception.CHttpException.403] exception 'CHttpException' with message 'You are not allowed to access this page.' in /var/www/yii/framework/gii/GiiModule.php:169
Stack trace:
#0 /var/www/yii/framework/web/CController.php(264): GiiModule->beforeControllerAction(Object(DefaultController), Object(CInlineAction))
#1 /var/www/yii/framework/web/CWebApplication.php(283): CController->run('')
#2 /var/www/yii/framework/web/CWebApplication.php(142): CWebApplication->runController('gii')
#3 /var/www/yii/framework/base/CApplication.php(162): CWebApplication->processRequest()
#4 /var/www/yii/kowop/index.php(13): CApplication->run()
#5 {main}
REQUEST_URI=/yii/kowop/index.php?r=gii
HTTP_REFERER=http://192.168.1.59/yii/kowop/index.php?r=gii
---
2012/11/06 15:41:39 [error] [exception.CHttpException.404] exception 'CHttpException' with message 'Unable to resolve the request "user".' in /var/www/yii/framework/web/CWebApplication.php:287
Stack trace:
#0 /var/www/yii/framework/web/CWebApplication.php(142): CWebApplication->runController('user')
#1 /var/www/yii/framework/base/CApplication.php(162): CWebApplication->processRequest()
#2 /var/www/yii/kowop/index.php(13): CApplication->run()
#3 {main}
REQUEST_URI=/yii/kowop/index.php?r=user
---
2012/11/06 15:41:43 [error] [exception.CHttpException.403] exception 'CHttpException' with message 'You are not allowed to access this page.' in /var/www/yii/framework/gii/GiiModule.php:169
Stack trace:
#0 /var/www/yii/framework/web/CController.php(264): GiiModule->beforeControllerAction(Object(DefaultController), Object(CInlineAction))
#1 /var/www/yii/framework/web/CWebApplication.php(283): CController->run('')
#2 /var/www/yii/framework/web/CWebApplication.php(142): CWebApplication->runController('gii')
#3 /var/www/yii/framework/base/CApplication.php(162): CWebApplication->processRequest()
#4 /var/www/yii/kowop/index.php(13): CApplication->run()
#5 {main}
REQUEST_URI=/yii/kowop/index.php?r=gii
---
2012/11/06 15:42:36 [error] [exception.CHttpException.403] exception 'CHttpException' with message 'You are not allowed to access this page.' in /var/www/yii/framework/gii/GiiModule.php:169
Stack trace:
#0 /var/www/yii/framework/web/CController.php(264): GiiModule->beforeControllerAction(Object(DefaultController), Object(CInlineAction))
#1 /var/www/yii/framework/web/CWebApplication.php(283): CController->run('')
#2 /var/www/yii/framework/web/CWebApplication.php(142): CWebApplication->runController('gii')
#3 /var/www/yii/framework/base/CApplication.php(162): CWebApplication->processRequest()
#4 /var/www/yii/kowop/index.php(13): CApplication->run()
#5 {main}
REQUEST_URI=/yii/kowop/index.php?r=gii
---
2012/11/06 15:43:19 [error] [exception.CHttpException.403] exception 'CHttpException' with message 'You are not allowed to access this page.' in /var/www/yii/framework/gii/GiiModule.php:169
Stack trace:
#0 /var/www/yii/framework/web/CController.php(264): GiiModule->beforeControllerAction(Object(DefaultController), Object(CInlineAction))
#1 /var/www/yii/framework/web/CWebApplication.php(283): CController->run('')
#2 /var/www/yii/framework/web/CWebApplication.php(142): CWebApplication->runController('gii')
#3 /var/www/yii/framework/base/CApplication.php(162): CWebApplication->processRequest()
#4 /var/www/yii/kowop/index.php(13): CApplication->run()
#5 {main}
REQUEST_URI=/yii/kowop/index.php?r=gii
---
2012/11/07 16:13:13 [error] [php] Undefined variable: model (/var/www/yii/kowop/protected/components/views/Login.php:18)
Stack trace:
#0 /var/www/yii/framework/web/widgets/CWidget.php(244): LoginWidget->renderFile()
#1 /var/www/yii/kowop/protected/components/LoginWidget.php(7): LoginWidget->render()
#2 /var/www/yii/framework/web/CBaseController.php(174): LoginWidget->run()
#3 /var/www/yii/kowop/protected/views/layouts/main.php(15): SiteController->widget()
#4 /var/www/yii/framework/web/CBaseController.php(127): require()
#5 /var/www/yii/framework/web/CBaseController.php(96): SiteController->renderInternal()
#6 /var/www/yii/framework/web/CController.php(785): SiteController->renderFile()
#7 /var/www/yii/kowop/protected/controllers/SiteController.php(32): SiteController->render()
#8 /var/www/yii/framework/web/actions/CInlineAction.php(50): SiteController->actionIndex()
#9 /var/www/yii/framework/web/CController.php(309): CInlineAction->runWithParams()
#10 /var/www/yii/framework/web/CController.php(287): SiteController->runAction()
#11 /var/www/yii/framework/web/CController.php(266): SiteController->runActionWithFilters()
#12 /var/www/yii/framework/web/CWebApplication.php(283): SiteController->run()
#13 /var/www/yii/framework/web/CWebApplication.php(142): CWebApplication->runController()
#14 /var/www/yii/framework/base/CApplication.php(162): CWebApplication->processRequest()
#15 /var/www/yii/kowop/index.php(13): CWebApplication->run()
REQUEST_URI=/yii/kowop/
in /var/www/yii/kowop/protected/components/views/Login.php (18)
in /var/www/yii/kowop/protected/components/LoginWidget.php (7)
in /var/www/yii/kowop/protected/views/layouts/main.php (15)
2012/11/07 16:13:15 [error] [php] Undefined variable: model (/var/www/yii/kowop/protected/components/views/Login.php:18)
Stack trace:
#0 /var/www/yii/framework/web/widgets/CWidget.php(244): LoginWidget->renderFile()
#1 /var/www/yii/kowop/protected/components/LoginWidget.php(7): LoginWidget->render()
#2 /var/www/yii/framework/web/CBaseController.php(174): LoginWidget->run()
#3 /var/www/yii/kowop/protected/views/layouts/main.php(15): SiteController->widget()
#4 /var/www/yii/framework/web/CBaseController.php(127): require()
#5 /var/www/yii/framework/web/CBaseController.php(96): SiteController->renderInternal()
#6 /var/www/yii/framework/web/CController.php(785): SiteController->renderFile()
#7 /var/www/yii/kowop/protected/controllers/SiteController.php(32): SiteController->render()
#8 /var/www/yii/framework/web/actions/CInlineAction.php(50): SiteController->actionIndex()
#9 /var/www/yii/framework/web/CController.php(309): CInlineAction->runWithParams()
#10 /var/www/yii/framework/web/CController.php(287): SiteController->runAction()
#11 /var/www/yii/framework/web/CController.php(266): SiteController->runActionWithFilters()
#12 /var/www/yii/framework/web/CWebApplication.php(283): SiteController->run()
#13 /var/www/yii/framework/web/CWebApplication.php(142): CWebApplication->runController()
#14 /var/www/yii/framework/base/CApplication.php(162): CWebApplication->processRequest()
#15 /var/www/yii/kowop/index.php(13): CWebApplication->run()
REQUEST_URI=/yii/kowop/
in /var/www/yii/kowop/protected/components/views/Login.php (18)
in /var/www/yii/kowop/protected/components/LoginWidget.php (7)
in /var/www/yii/kowop/protected/views/layouts/main.php (15)
2012/11/07 16:32:14 [error] [exception.CException] exception 'CException' with message 'Property "User.username" is not defined.' in /var/www/yii/framework/base/CComponent.php:131
Stack trace:
#0 /var/www/yii/framework/db/ar/CActiveRecord.php(144): CComponent->__get('username')
#1 /var/www/yii/framework/web/helpers/CHtml.php(2158): CActiveRecord->__get('username')
#2 /var/www/yii/framework/web/helpers/CHtml.php(1887): CHtml::resolveValue(Object(User), 'username')
#3 /var/www/yii/framework/web/helpers/CHtml.php(1217): CHtml::activeInputField('text', Object(User), 'username', Array)
#4 /var/www/yii/kowop/protected/components/views/loginWidget.php(13): CHtml::activeTextField(Object(User), 'username', Array)
#5 /var/www/yii/framework/web/CBaseController.php(131): require('/var/www/yii/ko...')
#6 /var/www/yii/framework/web/CBaseController.php(96): CBaseController->renderInternal('/var/www/yii/ko...', Array, false)
#7 /var/www/yii/framework/web/widgets/CWidget.php(244): CBaseController->renderFile('/var/www/yii/ko...', Array, false)
#8 /var/www/yii/kowop/protected/components/LoginWidget.php(14): CWidget->render('loginWidget', Array)
#9 /var/www/yii/framework/zii/widgets/CPortlet.php(95): LoginWidget->renderContent()
#10 /var/www/yii/framework/web/CBaseController.php(174): CPortlet->run()
#11 /var/www/yii/kowop/protected/views/layouts/main.php(18): CBaseController->widget('LoginWidget')
#12 /var/www/yii/framework/web/CBaseController.php(127): require('/var/www/yii/ko...')
#13 /var/www/yii/framework/web/CBaseController.php(96): CBaseController->renderInternal('/var/www/yii/ko...', Array, true)
#14 /var/www/yii/framework/web/CController.php(785): CBaseController->renderFile('/var/www/yii/ko...', Array, true)
#15 /var/www/yii/kowop/protected/controllers/SiteController.php(32): CController->render('index')
#16 /var/www/yii/framework/web/actions/CInlineAction.php(50): SiteController->actionIndex()
#17 /var/www/yii/framework/web/CController.php(309): CInlineAction->runWithParams(Array)
#18 /var/www/yii/framework/web/CController.php(287): CController->runAction(Object(CInlineAction))
#19 /var/www/yii/framework/web/CController.php(266): CController->runActionWithFilters(Object(CInlineAction), Array)
#20 /var/www/yii/framework/web/CWebApplication.php(283): CController->run('')
#21 /var/www/yii/framework/web/CWebApplication.php(142): CWebApplication->runController('')
#22 /var/www/yii/framework/base/CApplication.php(162): CWebApplication->processRequest()
#23 /var/www/yii/kowop/index.php(13): CApplication->run()
#24 {main}
REQUEST_URI=/yii/kowop/
---
2012/11/07 16:33:12 [error] [exception.CHttpException.404] exception 'CHttpException' with message 'The system is unable to find the requested action "login".' in /var/www/yii/framework/web/CController.php:484
Stack trace:
#0 /var/www/yii/framework/web/CController.php(271): CController->missingAction('login')
#1 /var/www/yii/framework/web/CWebApplication.php(283): CController->run('login')
#2 /var/www/yii/framework/web/CWebApplication.php(142): CWebApplication->runController('user/login')
#3 /var/www/yii/framework/base/CApplication.php(162): CWebApplication->processRequest()
#4 /var/www/yii/kowop/index.php(13): CApplication->run()
#5 {main}
REQUEST_URI=/yii/kowop/index.php?r=user/login
HTTP_REFERER=http://192.168.1.59/yii/kowop/
---
2012/11/07 16:34:05 [error] [exception.CHttpException.404] exception 'CHttpException' with message 'The system is unable to find the requested action "login".' in /var/www/yii/framework/web/CController.php:484
Stack trace:
#0 /var/www/yii/framework/web/CController.php(271): CController->missingAction('login')
#1 /var/www/yii/framework/web/CWebApplication.php(283): CController->run('login')
#2 /var/www/yii/framework/web/CWebApplication.php(142): CWebApplication->runController('user/login')
#3 /var/www/yii/framework/base/CApplication.php(162): CWebApplication->processRequest()
#4 /var/www/yii/kowop/index.php(13): CApplication->run()
#5 {main}
REQUEST_URI=/yii/kowop/index.php?r=user/login
HTTP_REFERER=http://192.168.1.59/yii/kowop/
---
2012/11/07 16:34:14 [error] [exception.CHttpException.404] exception 'CHttpException' with message 'The system is unable to find the requested action "login".' in /var/www/yii/framework/web/CController.php:484
Stack trace:
#0 /var/www/yii/framework/web/CController.php(271): CController->missingAction('login')
#1 /var/www/yii/framework/web/CWebApplication.php(283): CController->run('login')
#2 /var/www/yii/framework/web/CWebApplication.php(142): CWebApplication->runController('user/login')
#3 /var/www/yii/framework/base/CApplication.php(162): CWebApplication->processRequest()
#4 /var/www/yii/kowop/index.php(13): CApplication->run()
#5 {main}
REQUEST_URI=/yii/kowop/index.php?r=user/login
HTTP_REFERER=http://192.168.1.59/yii/kowop/
---
2012/11/07 16:34:16 [error] [exception.CHttpException.404] exception 'CHttpException' with message 'The system is unable to find the requested action "login".' in /var/www/yii/framework/web/CController.php:484
Stack trace:
#0 /var/www/yii/framework/web/CController.php(271): CController->missingAction('login')
#1 /var/www/yii/framework/web/CWebApplication.php(283): CController->run('login')
#2 /var/www/yii/framework/web/CWebApplication.php(142): CWebApplication->runController('user/login')
#3 /var/www/yii/framework/base/CApplication.php(162): CWebApplication->processRequest()
#4 /var/www/yii/kowop/index.php(13): CApplication->run()
#5 {main}
REQUEST_URI=/yii/kowop/index.php?r=user/login
HTTP_REFERER=http://192.168.1.59/yii/kowop/
---
2012/11/07 16:35:13 [error] [exception.CHttpException.404] exception 'CHttpException' with message 'The system is unable to find the requested action "login".' in /var/www/yii/framework/web/CController.php:484
Stack trace:
#0 /var/www/yii/framework/web/CController.php(271): CController->missingAction('login')
#1 /var/www/yii/framework/web/CWebApplication.php(283): CController->run('login')
#2 /var/www/yii/framework/web/CWebApplication.php(142): CWebApplication->runController('user/login')
#3 /var/www/yii/framework/base/CApplication.php(162): CWebApplication->processRequest()
#4 /var/www/yii/kowop/index.php(13): CApplication->run()
#5 {main}
REQUEST_URI=/yii/kowop/index.php?r=user/login
HTTP_REFERER=http://192.168.1.59/yii/kowop/
---
2012/11/07 16:36:50 [error] [exception.CHttpException.404] exception 'CHttpException' with message 'The system is unable to find the requested action "login".' in /var/www/yii/framework/web/CController.php:484
Stack trace:
#0 /var/www/yii/framework/web/CController.php(271): CController->missingAction('login')
#1 /var/www/yii/framework/web/CWebApplication.php(283): CController->run('login')
#2 /var/www/yii/framework/web/CWebApplication.php(142): CWebApplication->runController('user/login')
#3 /var/www/yii/framework/base/CApplication.php(162): CWebApplication->processRequest()
#4 /var/www/yii/kowop/index.php(13): CApplication->run()
#5 {main}
REQUEST_URI=/yii/kowop/index.php?r=user/login
HTTP_REFERER=http://192.168.1.59/yii/kowop/
---
2012/11/07 16:38:12 [error] [exception.CHttpException.404] exception 'CHttpException' with message 'The system is unable to find the requested action "login".' in /var/www/yii/framework/web/CController.php:484
Stack trace:
#0 /var/www/yii/framework/web/CController.php(271): CController->missingAction('login')
#1 /var/www/yii/framework/web/CWebApplication.php(283): CController->run('login')
#2 /var/www/yii/framework/web/CWebApplication.php(142): CWebApplication->runController('user/login')
#3 /var/www/yii/framework/base/CApplication.php(162): CWebApplication->processRequest()
#4 /var/www/yii/kowop/index.php(13): CApplication->run()
#5 {main}
REQUEST_URI=/yii/kowop/index.php?r=user/login
HTTP_REFERER=http://192.168.1.59/yii/kowop/
---
2012/11/07 16:41:33 [error] [exception.CException] exception 'CException' with message 'Property "UserController.breadcrumbs" is not defined.' in /var/www/yii/framework/base/CComponent.php:174
Stack trace:
#0 /var/www/yii/kowop/protected/views/user/index.php(5): CComponent->__set('breadcrumbs', Array)
#1 /var/www/yii/framework/web/CBaseController.php(127): require('/var/www/yii/ko...')
#2 /var/www/yii/framework/web/CBaseController.php(96): CBaseController->renderInternal('/var/www/yii/ko...', Array, true)
#3 /var/www/yii/framework/web/CController.php(870): CBaseController->renderFile('/var/www/yii/ko...', Array, true)
#4 /var/www/yii/framework/web/CController.php(783): CController->renderPartial('index', Array, true)
#5 /var/www/yii/kowop/protected/controllers/UserController.php(141): CController->render('index', Array)
#6 /var/www/yii/framework/web/actions/CInlineAction.php(50): UserController->actionIndex()
#7 /var/www/yii/framework/web/CController.php(309): CInlineAction->runWithParams(Array)
#8 /var/www/yii/framework/web/filters/CFilterChain.php(134): CController->runAction(Object(CInlineAction))
#9 /var/www/yii/framework/web/filters/CFilter.php(41): CFilterChain->run()
#10 /var/www/yii/framework/web/CController.php(1146): CFilter->filter(Object(CFilterChain))
#11 /var/www/yii/framework/web/filters/CInlineFilter.php(59): CController->filterAccessControl(Object(CFilterChain))
#12 /var/www/yii/framework/web/filters/CFilterChain.php(131): CInlineFilter->filter(Object(CFilterChain))
#13 /var/www/yii/framework/web/CController.php(292): CFilterChain->run()
#14 /var/www/yii/framework/web/CController.php(266): CController->runActionWithFilters(Object(CInlineAction), Array)
#15 /var/www/yii/framework/web/CWebApplication.php(283): CController->run('')
#16 /var/www/yii/framework/web/CWebApplication.php(142): CWebApplication->runController('user')
#17 /var/www/yii/framework/base/CApplication.php(162): CWebApplication->processRequest()
#18 /var/www/yii/kowop/index.php(13): CApplication->run()
#19 {main}
REQUEST_URI=/yii/kowop/index.php?r=user
---
2012/11/07 16:42:36 [error] [exception.CException] exception 'CException' with message 'Property "UserController.menu" is not defined.' in /var/www/yii/framework/base/CComponent.php:174
Stack trace:
#0 /var/www/yii/kowop/protected/views/user/index.php(9): CComponent->__set('menu', Array)
#1 /var/www/yii/framework/web/CBaseController.php(127): require('/var/www/yii/ko...')
#2 /var/www/yii/framework/web/CBaseController.php(96): CBaseController->renderInternal('/var/www/yii/ko...', Array, true)
#3 /var/www/yii/framework/web/CController.php(870): CBaseController->renderFile('/var/www/yii/ko...', Array, true)
#4 /var/www/yii/framework/web/CController.php(783): CController->renderPartial('index', Array, true)
#5 /var/www/yii/kowop/protected/controllers/UserController.php(143): CController->render('index', Array)
#6 /var/www/yii/framework/web/actions/CInlineAction.php(50): UserController->actionIndex()
#7 /var/www/yii/framework/web/CController.php(309): CInlineAction->runWithParams(Array)
#8 /var/www/yii/framework/web/filters/CFilterChain.php(134): CController->runAction(Object(CInlineAction))
#9 /var/www/yii/framework/web/filters/CFilter.php(41): CFilterChain->run()
#10 /var/www/yii/framework/web/CController.php(1146): CFilter->filter(Object(CFilterChain))
#11 /var/www/yii/framework/web/filters/CInlineFilter.php(59): CController->filterAccessControl(Object(CFilterChain))
#12 /var/www/yii/framework/web/filters/CFilterChain.php(131): CInlineFilter->filter(Object(CFilterChain))
#13 /var/www/yii/framework/web/CController.php(292): CFilterChain->run()
#14 /var/www/yii/framework/web/CController.php(266): CController->runActionWithFilters(Object(CInlineAction), Array)
#15 /var/www/yii/framework/web/CWebApplication.php(283): CController->run('')
#16 /var/www/yii/framework/web/CWebApplication.php(142): CWebApplication->runController('user')
#17 /var/www/yii/framework/base/CApplication.php(162): CWebApplication->processRequest()
#18 /var/www/yii/kowop/index.php(13): CApplication->run()
#19 {main}
REQUEST_URI=/yii/kowop/index.php?r=user
---
2012/11/07 16:56:04 [error] [exception.CHttpException.404] exception 'CHttpException' with message 'The requested page does not exist.' in /var/www/yii/kowop/protected/controllers/UserController.php:174
Stack trace:
#0 /var/www/yii/kowop/protected/controllers/UserController.php(58): UserController->loadModel('1')
#1 [internal function]: UserController->actionView('1')
#2 /var/www/yii/framework/web/actions/CAction.php(107): ReflectionMethod->invokeArgs(Object(UserController), Array)
#3 /var/www/yii/framework/web/actions/CInlineAction.php(48): CAction->runWithParamsInternal(Object(UserController), Object(ReflectionMethod), Array)
#4 /var/www/yii/framework/web/CController.php(309): CInlineAction->runWithParams(Array)
#5 /var/www/yii/framework/web/filters/CFilterChain.php(134): CController->runAction(Object(CInlineAction))
#6 /var/www/yii/framework/web/filters/CFilter.php(41): CFilterChain->run()
#7 /var/www/yii/framework/web/CController.php(1146): CFilter->filter(Object(CFilterChain))
#8 /var/www/yii/framework/web/filters/CInlineFilter.php(59): CController->filterAccessControl(Object(CFilterChain))
#9 /var/www/yii/framework/web/filters/CFilterChain.php(131): CInlineFilter->filter(Object(CFilterChain))
#10 /var/www/yii/framework/web/CController.php(292): CFilterChain->run()
#11 /var/www/yii/framework/web/CController.php(266): CController->runActionWithFilters(Object(CInlineAction), Array)
#12 /var/www/yii/framework/web/CWebApplication.php(283): CController->run('view')
#13 /var/www/yii/framework/web/CWebApplication.php(142): CWebApplication->runController('user/view')
#14 /var/www/yii/framework/base/CApplication.php(162): CWebApplication->processRequest()
#15 /var/www/yii/kowop/index.php(13): CApplication->run()
#16 {main}
REQUEST_URI=/yii/kowop/index.php?r=user/view&id=1
---
2012/11/07 16:56:07 [error] [exception.CHttpException.400] exception 'CHttpException' with message 'Your request is invalid.' in /var/www/yii/framework/web/CController.php:337
Stack trace:
#0 /var/www/yii/framework/web/CController.php(310): CController->invalidActionParams(Object(CInlineAction))
#1 /var/www/yii/framework/web/filters/CFilterChain.php(134): CController->runAction(Object(CInlineAction))
#2 /var/www/yii/framework/web/filters/CFilter.php(41): CFilterChain->run()
#3 /var/www/yii/framework/web/CController.php(1146): CFilter->filter(Object(CFilterChain))
#4 /var/www/yii/framework/web/filters/CInlineFilter.php(59): CController->filterAccessControl(Object(CFilterChain))
#5 /var/www/yii/framework/web/filters/CFilterChain.php(131): CInlineFilter->filter(Object(CFilterChain))
#6 /var/www/yii/framework/web/CController.php(292): CFilterChain->run()
#7 /var/www/yii/framework/web/CController.php(266): CController->runActionWithFilters(Object(CInlineAction), Array)
#8 /var/www/yii/framework/web/CWebApplication.php(283): CController->run('view')
#9 /var/www/yii/framework/web/CWebApplication.php(142): CWebApplication->runController('user/view')
#10 /var/www/yii/framework/base/CApplication.php(162): CWebApplication->processRequest()
#11 /var/www/yii/kowop/index.php(13): CApplication->run()
#12 {main}
REQUEST_URI=/yii/kowop/index.php?r=user/view
---
2012/11/07 17:26:30 [warning] [application] Failed to set unsafe attribute "Email" of "LoginForm".
in /var/www/yii/kowop/protected/controllers/SiteController.php (96)
in /var/www/yii/kowop/index.php (13)
2012/11/07 17:26:30 [warning] [application] Failed to set unsafe attribute "Password" of "LoginForm".
in /var/www/yii/kowop/protected/controllers/SiteController.php (96)
in /var/www/yii/kowop/index.php (13)
2012/11/07 17:26:30 [error] [exception.CException] exception 'CException' with message 'Property "LoginForm.User_ID" is not defined.' in /var/www/yii/framework/base/CComponent.php:131
Stack trace:
#0 /var/www/yii/kowop/protected/views/site/login.php(8): CComponent->__get('User_ID')
#1 /var/www/yii/framework/web/CBaseController.php(127): require('/var/www/yii/ko...')
#2 /var/www/yii/framework/web/CBaseController.php(96): CBaseController->renderInternal('/var/www/yii/ko...', Array, true)
#3 /var/www/yii/framework/web/CController.php(870): CBaseController->renderFile('/var/www/yii/ko...', Array, true)
#4 /var/www/yii/framework/web/CController.php(783): CController->renderPartial('login', Array, true)
#5 /var/www/yii/kowop/protected/controllers/SiteController.php(104): CController->render('login', Array)
#6 /var/www/yii/framework/web/actions/CInlineAction.php(50): SiteController->actionLogin()
#7 /var/www/yii/framework/web/CController.php(309): CInlineAction->runWithParams(Array)
#8 /var/www/yii/framework/web/CController.php(287): CController->runAction(Object(CInlineAction))
#9 /var/www/yii/framework/web/CController.php(266): CController->runActionWithFilters(Object(CInlineAction), Array)
#10 /var/www/yii/framework/web/CWebApplication.php(283): CController->run('login')
#11 /var/www/yii/framework/web/CWebApplication.php(142): CWebApplication->runController('site/login')
#12 /var/www/yii/framework/base/CApplication.php(162): CWebApplication->processRequest()
#13 /var/www/yii/kowop/index.php(13): CApplication->run()
#14 {main}
REQUEST_URI=/yii/kowop/index.php?r=site/login
HTTP_REFERER=http://192.168.1.59/yii/kowop/index.php
---
2012/11/07 17:28:29 [warning] [application] Failed to set unsafe attribute "Email" of "LoginForm".
in /var/www/yii/kowop/protected/controllers/SiteController.php (96)
in /var/www/yii/kowop/index.php (13)
2012/11/07 17:28:29 [warning] [application] Failed to set unsafe attribute "Password" of "LoginForm".
in /var/www/yii/kowop/protected/controllers/SiteController.php (96)
in /var/www/yii/kowop/index.php (13)
2012/11/07 17:28:29 [error] [exception.CException] exception 'CException' with message 'LoginForm and its behaviors do not have a method or closure named "getId".' in /var/www/yii/framework/base/CComponent.php:266
Stack trace:
#0 /var/www/yii/kowop/protected/views/site/login.php(8): CComponent->__call('getId', Array)
#1 /var/www/yii/kowop/protected/views/site/login.php(8): LoginForm->getId()
#2 /var/www/yii/framework/web/CBaseController.php(127): require('/var/www/yii/ko...')
#3 /var/www/yii/framework/web/CBaseController.php(96): CBaseController->renderInternal('/var/www/yii/ko...', Array, true)
#4 /var/www/yii/framework/web/CController.php(870): CBaseController->renderFile('/var/www/yii/ko...', Array, true)
#5 /var/www/yii/framework/web/CController.php(783): CController->renderPartial('login', Array, true)
#6 /var/www/yii/kowop/protected/controllers/SiteController.php(104): CController->render('login', Array)
#7 /var/www/yii/framework/web/actions/CInlineAction.php(50): SiteController->actionLogin()
#8 /var/www/yii/framework/web/CController.php(309): CInlineAction->runWithParams(Array)
#9 /var/www/yii/framework/web/CController.php(287): CController->runAction(Object(CInlineAction))
#10 /var/www/yii/framework/web/CController.php(266): CController->runActionWithFilters(Object(CInlineAction), Array)
#11 /var/www/yii/framework/web/CWebApplication.php(283): CController->run('login')
#12 /var/www/yii/framework/web/CWebApplication.php(142): CWebApplication->runController('site/login')
#13 /var/www/yii/framework/base/CApplication.php(162): CWebApplication->processRequest()
#14 /var/www/yii/kowop/index.php(13): CApplication->run()
#15 {main}
REQUEST_URI=/yii/kowop/index.php?r=site/login
HTTP_REFERER=http://192.168.1.59/yii/kowop/index.php
---
2012/11/07 17:29:35 [warning] [application] Failed to set unsafe attribute "Email" of "LoginForm".
in /var/www/yii/kowop/protected/controllers/SiteController.php (96)
in /var/www/yii/kowop/index.php (13)
2012/11/07 17:29:35 [warning] [application] Failed to set unsafe attribute "Password" of "LoginForm".
in /var/www/yii/kowop/protected/controllers/SiteController.php (96)
in /var/www/yii/kowop/index.php (13)
2012/11/07 17:33:33 [error] [exception.CException] exception 'CException' with message 'Property "CWebUser.username" is not defined.' in /var/www/yii/framework/base/CComponent.php:131
Stack trace:
#0 /var/www/yii/framework/web/auth/CWebUser.php(141): CComponent->__get('username')
#1 /var/www/yii/kowop/protected/views/site/login.php(8): CWebUser->__get('username')
#2 /var/www/yii/framework/web/CBaseController.php(127): require('/var/www/yii/ko...')
#3 /var/www/yii/framework/web/CBaseController.php(96): CBaseController->renderInternal('/var/www/yii/ko...', Array, true)
#4 /var/www/yii/framework/web/CController.php(870): CBaseController->renderFile('/var/www/yii/ko...', Array, true)
#5 /var/www/yii/framework/web/CController.php(783): CController->renderPartial('login', Array, true)
#6 /var/www/yii/kowop/protected/controllers/SiteController.php(104): CController->render('login', Array)
#7 /var/www/yii/framework/web/actions/CInlineAction.php(50): SiteController->actionLogin()
#8 /var/www/yii/framework/web/CController.php(309): CInlineAction->runWithParams(Array)
#9 /var/www/yii/framework/web/CController.php(287): CController->runAction(Object(CInlineAction))
#10 /var/www/yii/framework/web/CController.php(266): CController->runActionWithFilters(Object(CInlineAction), Array)
#11 /var/www/yii/framework/web/CWebApplication.php(283): CController->run('login')
#12 /var/www/yii/framework/web/CWebApplication.php(142): CWebApplication->runController('site/login')
#13 /var/www/yii/framework/base/CApplication.php(162): CWebApplication->processRequest()
#14 /var/www/yii/kowop/index.php(13): CApplication->run()
#15 {main}
REQUEST_URI=/yii/kowop/index.php?r=site/login
HTTP_REFERER=http://192.168.1.59/yii/kowop/index.php
---
2012/11/07 17:35:41 [error] [exception.CException] exception 'CException' with message 'Property "User.password" is not defined.' in /var/www/yii/framework/base/CComponent.php:131
Stack trace:
#0 /var/www/yii/framework/db/ar/CActiveRecord.php(144): CComponent->__get('password')
#1 /var/www/yii/kowop/protected/components/UserIdentity.php(28): CActiveRecord->__get('password')
#2 /var/www/yii/kowop/protected/models/LoginForm.php(52): UserIdentity->authenticate()
#3 /var/www/yii/framework/validators/CInlineValidator.php(43): LoginForm->authenticate('password', Array)
#4 /var/www/yii/framework/validators/CValidator.php(214): CInlineValidator->validateAttribute(Object(LoginForm), 'password')
#5 /var/www/yii/framework/base/CModel.php(158): CValidator->validate(Object(LoginForm), NULL)
#6 /var/www/yii/kowop/protected/controllers/SiteController.php(98): CModel->validate()
#7 /var/www/yii/framework/web/actions/CInlineAction.php(50): SiteController->actionLogin()
#8 /var/www/yii/framework/web/CController.php(309): CInlineAction->runWithParams(Array)
#9 /var/www/yii/framework/web/CController.php(287): CController->runAction(Object(CInlineAction))
#10 /var/www/yii/framework/web/CController.php(266): CController->runActionWithFilters(Object(CInlineAction), Array)
#11 /var/www/yii/framework/web/CWebApplication.php(283): CController->run('login')
#12 /var/www/yii/framework/web/CWebApplication.php(142): CWebApplication->runController('site/login')
#13 /var/www/yii/framework/base/CApplication.php(162): CWebApplication->processRequest()
#14 /var/www/yii/kowop/index.php(13): CApplication->run()
#15 {main}
REQUEST_URI=/yii/kowop/index.php?r=site/login
HTTP_REFERER=http://192.168.1.59/yii/kowop/index.php
---
2012/11/07 17:37:25 [error] [exception.CException] exception 'CException' with message 'UserIdentity and its behaviors do not have a method or closure named "setName".' in /var/www/yii/framework/base/CComponent.php:266
Stack trace:
#0 /var/www/yii/kowop/protected/components/UserIdentity.php(35): CComponent->__call('setName', Array)
#1 /var/www/yii/kowop/protected/components/UserIdentity.php(35): UserIdentity->setName('Ilija Stevcev')
#2 /var/www/yii/kowop/protected/models/LoginForm.php(52): UserIdentity->authenticate()
#3 /var/www/yii/framework/validators/CInlineValidator.php(43): LoginForm->authenticate('password', Array)
#4 /var/www/yii/framework/validators/CValidator.php(214): CInlineValidator->validateAttribute(Object(LoginForm), 'password')
#5 /var/www/yii/framework/base/CModel.php(158): CValidator->validate(Object(LoginForm), NULL)
#6 /var/www/yii/kowop/protected/controllers/SiteController.php(98): CModel->validate()
#7 /var/www/yii/framework/web/actions/CInlineAction.php(50): SiteController->actionLogin()
#8 /var/www/yii/framework/web/CController.php(309): CInlineAction->runWithParams(Array)
#9 /var/www/yii/framework/web/CController.php(287): CController->runAction(Object(CInlineAction))
#10 /var/www/yii/framework/web/CController.php(266): CController->runActionWithFilters(Object(CInlineAction), Array)
#11 /var/www/yii/framework/web/CWebApplication.php(283): CController->run('login')
#12 /var/www/yii/framework/web/CWebApplication.php(142): CWebApplication->runController('site/login')
#13 /var/www/yii/framework/base/CApplication.php(162): CWebApplication->processRequest()
#14 /var/www/yii/kowop/index.php(13): CApplication->run()
#15 {main}
REQUEST_URI=/yii/kowop/index.php?r=site/login
HTTP_REFERER=http://192.168.1.59/yii/kowop/index.php
---
2012/11/07 20:02:58 [error] [php] Invalid argument supplied for foreach() (/var/www/yii/framework/zii/widgets/CMenu.php:255)
Stack trace:
#0 /var/www/yii/framework/web/CBaseController.php(173): UserController->createWidget()
#1 /var/www/yii/kowop/protected/views/layouts/default/column2.php(17): UserController->widget()
#2 /var/www/yii/framework/web/CBaseController.php(127): require()
#3 /var/www/yii/framework/web/CBaseController.php(96): UserController->renderInternal()
#4 /var/www/yii/framework/web/CController.php(785): UserController->renderFile()
#5 /var/www/yii/kowop/protected/controllers/UserController.php(89): UserController->render()
#6 /var/www/yii/framework/web/actions/CInlineAction.php(50): UserController->actionCreate()
#7 /var/www/yii/framework/web/CController.php(309): CInlineAction->runWithParams()
#8 /var/www/yii/framework/web/filters/CFilterChain.php(134): UserController->runAction()
#9 /var/www/yii/framework/web/CController.php(292): CFilterChain->run()
#10 /var/www/yii/framework/web/CController.php(266): UserController->runActionWithFilters()
#11 /var/www/yii/framework/web/CWebApplication.php(283): UserController->run()
#12 /var/www/yii/framework/web/CWebApplication.php(142): CWebApplication->runController()
#13 /var/www/yii/framework/base/CApplication.php(162): CWebApplication->processRequest()
#14 /var/www/yii/kowop/index.php(13): CWebApplication->run()
REQUEST_URI=/yii/kowop/?r=user/create
in /var/www/yii/kowop/protected/views/layouts/default/column2.php (17)
in /var/www/yii/kowop/protected/controllers/UserController.php (89)
in /var/www/yii/kowop/index.php (13)
2012/11/07 20:10:06 [error] [php] Undefined variable: form (/var/www/yii/kowop/protected/views/site/login.php:8)
Stack trace:
#0 /var/www/yii/framework/web/CController.php(870): SiteController->renderFile()
#1 /var/www/yii/framework/web/CController.php(783): SiteController->renderPartial()
#2 /var/www/yii/kowop/protected/controllers/SiteController.php(104): SiteController->render()
#3 /var/www/yii/framework/web/actions/CInlineAction.php(50): SiteController->actionLogin()
#4 /var/www/yii/framework/web/CController.php(309): CInlineAction->runWithParams()
#5 /var/www/yii/framework/web/CController.php(287): SiteController->runAction()
#6 /var/www/yii/framework/web/CController.php(266): SiteController->runActionWithFilters()
#7 /var/www/yii/framework/web/CWebApplication.php(283): SiteController->run()
#8 /var/www/yii/framework/web/CWebApplication.php(142): CWebApplication->runController()
#9 /var/www/yii/framework/base/CApplication.php(162): CWebApplication->processRequest()
#10 /var/www/yii/kowop/index.php(13): CWebApplication->run()
REQUEST_URI=/yii/kowop/index.php?r=site/login
in /var/www/yii/kowop/protected/views/site/login.php (8)
in /var/www/yii/kowop/protected/controllers/SiteController.php (104)
in /var/www/yii/kowop/index.php (13)
2012/11/07 20:54:33 [error] [exception.CException] exception 'CException' with message 'Property "KClass.Name" is not defined.' in /var/www/yii/framework/base/CComponent.php:131
Stack trace:
#0 /var/www/yii/framework/db/ar/CActiveRecord.php(144): CComponent->__get('Name')
#1 /var/www/yii/framework/web/helpers/CHtml.php(2158): CActiveRecord->__get('Name')
#2 /var/www/yii/framework/web/helpers/CHtml.php(1887): CHtml::resolveValue(Object(KClass), 'Name')
#3 /var/www/yii/framework/web/helpers/CHtml.php(1217): CHtml::activeInputField('text', Object(KClass), 'Name', Array)
#4 /var/www/yii/framework/web/widgets/CActiveForm.php(658): CHtml::activeTextField(Object(KClass), 'Name', Array)
#5 /var/www/yii/kowop/protected/views/class/_form.php(20): CActiveForm->textField(Object(KClass), 'Name', Array)
#6 /var/www/yii/framework/web/CBaseController.php(127): require('/var/www/yii/ko...')
#7 /var/www/yii/framework/web/CBaseController.php(96): CBaseController->renderInternal('/var/www/yii/ko...', Array, true)
#8 /var/www/yii/framework/web/CController.php(870): CBaseController->renderFile('/var/www/yii/ko...', Array, true)
#9 /var/www/yii/kowop/protected/views/class/create.php(18): CController->renderPartial('_form', Array)
#10 /var/www/yii/framework/web/CBaseController.php(127): require('/var/www/yii/ko...')
#11 /var/www/yii/framework/web/CBaseController.php(96): CBaseController->renderInternal('/var/www/yii/ko...', Array, true)
#12 /var/www/yii/framework/web/CController.php(870): CBaseController->renderFile('/var/www/yii/ko...', Array, true)
#13 /var/www/yii/framework/web/CController.php(783): CController->renderPartial('create', Array, true)
#14 /var/www/yii/kowop/protected/controllers/ClassController.php(82): CController->render('create', Array)
#15 /var/www/yii/framework/web/actions/CInlineAction.php(50): ClassController->actionCreate()
#16 /var/www/yii/framework/web/CController.php(309): CInlineAction->runWithParams(Array)
#17 /var/www/yii/framework/web/filters/CFilterChain.php(134): CController->runAction(Object(CInlineAction))
#18 /var/www/yii/framework/web/CController.php(292): CFilterChain->run()
#19 /var/www/yii/framework/web/CController.php(266): CController->runActionWithFilters(Object(CInlineAction), Array)
#20 /var/www/yii/framework/web/CWebApplication.php(283): CController->run('create')
#21 /var/www/yii/framework/web/CWebApplication.php(142): CWebApplication->runController('class/create')
#22 /var/www/yii/framework/base/CApplication.php(162): CWebApplication->processRequest()
#23 /var/www/yii/kowop/index.php(13): CApplication->run()
#24 {main}
REQUEST_URI=/yii/kowop/index.php?r=class/create
HTTP_REFERER=http://192.168.1.59/yii/kowop/index.php?r=class/index
---
2012/11/08 11:09:46 [error] [exception.CException] exception 'CException' with message 'Property "SessionController.breadcrumbs" is not defined.' in /var/www/yii/framework/base/CComponent.php:174
Stack trace:
#0 /var/www/yii/kowop/protected/views/session/index.php(5): CComponent->__set('breadcrumbs', Array)
#1 /var/www/yii/framework/web/CBaseController.php(127): require('/var/www/yii/ko...')
#2 /var/www/yii/framework/web/CBaseController.php(96): CBaseController->renderInternal('/var/www/yii/ko...', Array, true)
#3 /var/www/yii/framework/web/CController.php(870): CBaseController->renderFile('/var/www/yii/ko...', Array, true)
#4 /var/www/yii/framework/web/CController.php(783): CController->renderPartial('index', Array, true)
#5 /var/www/yii/kowop/protected/controllers/SessionController.php(128): CController->render('index', Array)
#6 /var/www/yii/framework/web/actions/CInlineAction.php(50): SessionController->actionIndex()
#7 /var/www/yii/framework/web/CController.php(309): CInlineAction->runWithParams(Array)
#8 /var/www/yii/framework/web/filters/CFilterChain.php(134): CController->runAction(Object(CInlineAction))
#9 /var/www/yii/framework/web/filters/CFilter.php(41): CFilterChain->run()
#10 /var/www/yii/framework/web/CController.php(1146): CFilter->filter(Object(CFilterChain))
#11 /var/www/yii/framework/web/filters/CInlineFilter.php(59): CController->filterAccessControl(Object(CFilterChain))
#12 /var/www/yii/framework/web/filters/CFilterChain.php(131): CInlineFilter->filter(Object(CFilterChain))
#13 /var/www/yii/framework/web/CController.php(292): CFilterChain->run()
#14 /var/www/yii/framework/web/CController.php(266): CController->runActionWithFilters(Object(CInlineAction), Array)
#15 /var/www/yii/framework/web/CWebApplication.php(283): CController->run('')
#16 /var/www/yii/framework/web/CWebApplication.php(142): CWebApplication->runController('session')
#17 /var/www/yii/framework/base/CApplication.php(162): CWebApplication->processRequest()
#18 /var/www/yii/kowop/index.php(13): CApplication->run()
#19 {main}
REQUEST_URI=/yii/kowop/index.php?r=session
HTTP_REFERER=http://192.168.1.59/yii/kowop/index.php?r=gii/crud
---
2012/11/08 20:29:22 [error] [exception.CException] exception 'CException' with message 'Property "Request.Class_ID" is not defined.' in /var/www/yii/framework/base/CComponent.php:131
Stack trace:
#0 /var/www/yii/framework/db/ar/CActiveRecord.php(144): CComponent->__get('Class_ID')
#1 /var/www/yii/framework/web/helpers/CHtml.php(1809): CActiveRecord->__get('Class_ID')
#2 /var/www/yii/framework/zii/widgets/CDetailView.php(212): CHtml::value(Object(Request), 'Class_ID')
#3 /var/www/yii/framework/web/CBaseController.php(174): CDetailView->run()
#4 /var/www/yii/kowop/protected/views/request/view.php(32): CBaseController->widget('zii.widgets.CDe...', Array)
#5 /var/www/yii/framework/web/CBaseController.php(127): require('/var/www/yii/ko...')
#6 /var/www/yii/framework/web/CBaseController.php(96): CBaseController->renderInternal('/var/www/yii/ko...', Array, true)
#7 /var/www/yii/framework/web/CController.php(870): CBaseController->renderFile('/var/www/yii/ko...', Array, true)
#8 /var/www/yii/framework/web/CController.php(783): CController->renderPartial('view', Array, true)
#9 /var/www/yii/kowop/protected/controllers/RequestController.php(59): CController->render('view', Array)
#10 [internal function]: RequestController->actionView('2')
#11 /var/www/yii/framework/web/actions/CAction.php(107): ReflectionMethod->invokeArgs(Object(RequestController), Array)
#12 /var/www/yii/framework/web/actions/CInlineAction.php(48): CAction->runWithParamsInternal(Object(RequestController), Object(ReflectionMethod), Array)
#13 /var/www/yii/framework/web/CController.php(309): CInlineAction->runWithParams(Array)
#14 /var/www/yii/framework/web/filters/CFilterChain.php(134): CController->runAction(Object(CInlineAction))
#15 /var/www/yii/framework/web/CController.php(292): CFilterChain->run()
#16 /var/www/yii/framework/web/CController.php(266): CController->runActionWithFilters(Object(CInlineAction), Array)
#17 /var/www/yii/framework/web/CWebApplication.php(283): CController->run('view')
#18 /var/www/yii/framework/web/CWebApplication.php(142): CWebApplication->runController('request/view')
#19 /var/www/yii/framework/base/CApplication.php(162): CWebApplication->processRequest()
#20 /var/www/yii/kowop/index.php(13): CApplication->run()
#21 {main}
REQUEST_URI=/yii/kowop/index.php?r=request/view&id=2
HTTP_REFERER=http://192.168.1.59/yii/kowop/index.php?r=request/create
---
2012/11/08 21:31:27 [error] [exception.CHttpException.404] exception 'CHttpException' with message 'The requested page does not exist.' in /var/www/yii/kowop/protected/controllers/RequestController.php:199
Stack trace:
#0 /var/www/yii/kowop/protected/controllers/RequestController.php(58): RequestController->loadModel('1')
#1 [internal function]: RequestController->actionView('1')
#2 /var/www/yii/framework/web/actions/CAction.php(107): ReflectionMethod->invokeArgs(Object(RequestController), Array)
#3 /var/www/yii/framework/web/actions/CInlineAction.php(48): CAction->runWithParamsInternal(Object(RequestController), Object(ReflectionMethod), Array)
#4 /var/www/yii/framework/web/CController.php(309): CInlineAction->runWithParams(Array)
#5 /var/www/yii/framework/web/filters/CFilterChain.php(134): CController->runAction(Object(CInlineAction))
#6 /var/www/yii/framework/web/CController.php(292): CFilterChain->run()
#7 /var/www/yii/framework/web/CController.php(266): CController->runActionWithFilters(Object(CInlineAction), Array)
#8 /var/www/yii/framework/web/CWebApplication.php(283): CController->run('view')
#9 /var/www/yii/framework/web/CWebApplication.php(142): CWebApplication->runController('request/view')
#10 /var/www/yii/framework/base/CApplication.php(162): CWebApplication->processRequest()
#11 /var/www/yii/kowop/index.php(13): CApplication->run()
#12 {main}
REQUEST_URI=/yii/kowop/index.php?r=request/view&id=1
HTTP_REFERER=http://192.168.1.59/yii/kowop/index.php?r=request/create
---
2012/11/09 10:44:32 [error] [exception.CHttpException.404] exception 'CHttpException' with message 'The requested page does not exist.' in /var/www/yii/kowop/protected/controllers/RequestController.php:207
Stack trace:
#0 /var/www/yii/kowop/protected/controllers/RequestController.php(58): RequestController->loadModel('1')
#1 [internal function]: RequestController->actionView('1')
#2 /var/www/yii/framework/web/actions/CAction.php(107): ReflectionMethod->invokeArgs(Object(RequestController), Array)
#3 /var/www/yii/framework/web/actions/CInlineAction.php(48): CAction->runWithParamsInternal(Object(RequestController), Object(ReflectionMethod), Array)
#4 /var/www/yii/framework/web/CController.php(309): CInlineAction->runWithParams(Array)
#5 /var/www/yii/framework/web/filters/CFilterChain.php(134): CController->runAction(Object(CInlineAction))
#6 /var/www/yii/framework/web/CController.php(292): CFilterChain->run()
#7 /var/www/yii/framework/web/CController.php(266): CController->runActionWithFilters(Object(CInlineAction), Array)
#8 /var/www/yii/framework/web/CWebApplication.php(283): CController->run('view')
#9 /var/www/yii/framework/web/CWebApplication.php(142): CWebApplication->runController('request/view')
#10 /var/www/yii/framework/base/CApplication.php(162): CWebApplication->processRequest()
#11 /var/www/yii/kowop/index.php(13): CApplication->run()
#12 {main}
REQUEST_URI=/yii/kowop/index.php?r=request/view&id=1
HTTP_REFERER=http://192.168.1.59/yii/kowop/index.php?r=request/create
---
2012/11/10 11:00:39 [error] [php] Trying to get property of non-object (/var/www/yii/kowop/protected/views/site/search.php:12)
Stack trace:
#0 /var/www/yii/framework/web/CController.php(870): SiteController->renderFile()
#1 /var/www/yii/framework/web/CController.php(783): SiteController->renderPartial()
#2 /var/www/yii/kowop/protected/controllers/SiteController.php(95): SiteController->render()
#3 /var/www/yii/framework/web/actions/CInlineAction.php(50): SiteController->actionSearch()
#4 /var/www/yii/framework/web/CController.php(309): CInlineAction->runWithParams()
#5 /var/www/yii/framework/web/CController.php(287): SiteController->runAction()
#6 /var/www/yii/framework/web/CController.php(266): SiteController->runActionWithFilters()
#7 /var/www/yii/framework/web/CWebApplication.php(283): SiteController->run()
#8 /var/www/yii/framework/web/CWebApplication.php(142): CWebApplication->runController()
#9 /var/www/yii/framework/base/CApplication.php(162): CWebApplication->processRequest()
#10 /var/www/yii/kowop/index.php(13): CWebApplication->run()
REQUEST_URI=/yii/kowop/index.php?r=site/search
in /var/www/yii/kowop/protected/views/site/search.php (12)
in /var/www/yii/kowop/protected/controllers/SiteController.php (95)
in /var/www/yii/kowop/index.php (13)
2012/11/10 11:05:13 [error] [php] Undefined offset: 0 (/var/www/yii/kowop/protected/models/SearchForm.php:50)
Stack trace:
#0 /var/www/yii/framework/web/CController.php(309): CInlineAction->runWithParams()
#1 /var/www/yii/framework/web/CController.php(287): SiteController->runAction()
#2 /var/www/yii/framework/web/CController.php(266): SiteController->runActionWithFilters()
#3 /var/www/yii/framework/web/CWebApplication.php(283): SiteController->run()
#4 /var/www/yii/framework/web/CWebApplication.php(142): CWebApplication->runController()
#5 /var/www/yii/framework/base/CApplication.php(162): CWebApplication->processRequest()
#6 /var/www/yii/kowop/index.php(13): CWebApplication->run()
REQUEST_URI=/yii/kowop/index.php?r=site/search
in /var/www/yii/kowop/protected/models/SearchForm.php (50)
in /var/www/yii/kowop/protected/controllers/SiteController.php (92)
in /var/www/yii/kowop/index.php (13)
2012/11/10 11:06:58 [error] [php] Undefined offset: 0 (/var/www/yii/kowop/protected/models/SearchForm.php:53)
Stack trace:
#0 /var/www/yii/framework/web/CController.php(309): CInlineAction->runWithParams()
#1 /var/www/yii/framework/web/CController.php(287): SiteController->runAction()
#2 /var/www/yii/framework/web/CController.php(266): SiteController->runActionWithFilters()
#3 /var/www/yii/framework/web/CWebApplication.php(283): SiteController->run()
#4 /var/www/yii/framework/web/CWebApplication.php(142): CWebApplication->runController()
#5 /var/www/yii/framework/base/CApplication.php(162): CWebApplication->processRequest()
#6 /var/www/yii/kowop/index.php(13): CWebApplication->run()
REQUEST_URI=/yii/kowop/index.php?r=site/search
in /var/www/yii/kowop/protected/models/SearchForm.php (53)
in /var/www/yii/kowop/protected/controllers/SiteController.php (92)
in /var/www/yii/kowop/index.php (13)
2012/11/10 11:07:28 [error] [php] Undefined offset: 0 (/var/www/yii/kowop/protected/models/SearchForm.php:55)
Stack trace:
#0 /var/www/yii/framework/web/CController.php(309): CInlineAction->runWithParams()
#1 /var/www/yii/framework/web/CController.php(287): SiteController->runAction()
#2 /var/www/yii/framework/web/CController.php(266): SiteController->runActionWithFilters()
#3 /var/www/yii/framework/web/CWebApplication.php(283): SiteController->run()
#4 /var/www/yii/framework/web/CWebApplication.php(142): CWebApplication->runController()
#5 /var/www/yii/framework/base/CApplication.php(162): CWebApplication->processRequest()
#6 /var/www/yii/kowop/index.php(13): CWebApplication->run()
REQUEST_URI=/yii/kowop/index.php?r=site/search
in /var/www/yii/kowop/protected/models/SearchForm.php (55)
in /var/www/yii/kowop/protected/controllers/SiteController.php (92)
in /var/www/yii/kowop/index.php (13)
2012/11/10 11:08:17 [error] [php] array_push() expects parameter 1 to be array, null given (/var/www/yii/kowop/protected/models/SearchForm.php:38)
Stack trace:
#0 /var/www/yii/framework/web/actions/CInlineAction.php(50): SiteController->actionSearch()
#1 /var/www/yii/framework/web/CController.php(309): CInlineAction->runWithParams()
#2 /var/www/yii/framework/web/CController.php(287): SiteController->runAction()
#3 /var/www/yii/framework/web/CController.php(266): SiteController->runActionWithFilters()
#4 /var/www/yii/framework/web/CWebApplication.php(283): SiteController->run()
#5 /var/www/yii/framework/web/CWebApplication.php(142): CWebApplication->runController()
#6 /var/www/yii/framework/base/CApplication.php(162): CWebApplication->processRequest()
#7 /var/www/yii/kowop/index.php(13): CWebApplication->run()
REQUEST_URI=/yii/kowop/index.php?r=site/search
in /var/www/yii/kowop/protected/models/SearchForm.php (38)
in /var/www/yii/kowop/protected/controllers/SiteController.php (92)
in /var/www/yii/kowop/index.php (13)
2012/11/10 11:09:38 [error] [php] Undefined offset: 0 (/var/www/yii/kowop/protected/models/SearchForm.php:53)
Stack trace:
#0 /var/www/yii/framework/web/CController.php(309): CInlineAction->runWithParams()
#1 /var/www/yii/framework/web/CController.php(287): SiteController->runAction()
#2 /var/www/yii/framework/web/CController.php(266): SiteController->runActionWithFilters()
#3 /var/www/yii/framework/web/CWebApplication.php(283): SiteController->run()
#4 /var/www/yii/framework/web/CWebApplication.php(142): CWebApplication->runController()
#5 /var/www/yii/framework/base/CApplication.php(162): CWebApplication->processRequest()
#6 /var/www/yii/kowop/index.php(13): CWebApplication->run()
REQUEST_URI=/yii/kowop/index.php?r=site/search
in /var/www/yii/kowop/protected/models/SearchForm.php (53)
in /var/www/yii/kowop/protected/controllers/SiteController.php (92)
in /var/www/yii/kowop/index.php (13)
2012/11/10 11:09:58 [error] [php] Undefined offset: 0 (/var/www/yii/kowop/protected/models/SearchForm.php:54)
Stack trace:
#0 /var/www/yii/framework/web/CController.php(309): CInlineAction->runWithParams()
#1 /var/www/yii/framework/web/CController.php(287): SiteController->runAction()
#2 /var/www/yii/framework/web/CController.php(266): SiteController->runActionWithFilters()
#3 /var/www/yii/framework/web/CWebApplication.php(283): SiteController->run()
#4 /var/www/yii/framework/web/CWebApplication.php(142): CWebApplication->runController()
#5 /var/www/yii/framework/base/CApplication.php(162): CWebApplication->processRequest()
#6 /var/www/yii/kowop/index.php(13): CWebApplication->run()
REQUEST_URI=/yii/kowop/index.php?r=site/search
in /var/www/yii/kowop/protected/models/SearchForm.php (54)
in /var/www/yii/kowop/protected/controllers/SiteController.php (92)
in /var/www/yii/kowop/index.php (13)
2012/11/10 11:21:02 [error] [exception.CException] exception 'CException' with message 'Property "KClass.0" is not defined.' in /var/www/yii/framework/base/CComponent.php:131
Stack trace:
#0 /var/www/yii/framework/db/ar/CActiveRecord.php(144): CComponent->__get('0')
#1 /var/www/yii/framework/base/CModel.php(593): CActiveRecord->__get('0')
#2 /var/www/yii/kowop/protected/views/site/search.php(14): CModel->offsetGet(0)
#3 /var/www/yii/framework/web/CBaseController.php(127): require('/var/www/yii/ko...')
#4 /var/www/yii/framework/web/CBaseController.php(96): CBaseController->renderInternal('/var/www/yii/ko...', Array, true)
#5 /var/www/yii/framework/web/CController.php(870): CBaseController->renderFile('/var/www/yii/ko...', Array, true)
#6 /var/www/yii/framework/web/CController.php(783): CController->renderPartial('search', Array, true)
#7 /var/www/yii/kowop/protected/controllers/SiteController.php(95): CController->render('search', Array)
#8 /var/www/yii/framework/web/actions/CInlineAction.php(50): SiteController->actionSearch()
#9 /var/www/yii/framework/web/CController.php(309): CInlineAction->runWithParams(Array)
#10 /var/www/yii/framework/web/CController.php(287): CController->runAction(Object(CInlineAction))
#11 /var/www/yii/framework/web/CController.php(266): CController->runActionWithFilters(Object(CInlineAction), Array)
#12 /var/www/yii/framework/web/CWebApplication.php(283): CController->run('search')
#13 /var/www/yii/framework/web/CWebApplication.php(142): CWebApplication->runController('site/search')
#14 /var/www/yii/framework/base/CApplication.php(162): CWebApplication->processRequest()
#15 /var/www/yii/kowop/index.php(13): CApplication->run()
#16 {main}
REQUEST_URI=/yii/kowop/index.php?r=site/search
HTTP_REFERER=http://192.168.1.59/yii/kowop/index.php
---
2012/11/10 11:22:12 [error] [exception.CException] exception 'CException' with message 'Property "KClass.0" is not defined.' in /var/www/yii/framework/base/CComponent.php:131
Stack trace:
#0 /var/www/yii/framework/db/ar/CActiveRecord.php(144): CComponent->__get('0')
#1 /var/www/yii/framework/base/CModel.php(593): CActiveRecord->__get('0')
#2 /var/www/yii/kowop/protected/views/site/search.php(14): CModel->offsetGet(0)
#3 /var/www/yii/framework/web/CBaseController.php(127): require('/var/www/yii/ko...')
#4 /var/www/yii/framework/web/CBaseController.php(96): CBaseController->renderInternal('/var/www/yii/ko...', Array, true)
#5 /var/www/yii/framework/web/CController.php(870): CBaseController->renderFile('/var/www/yii/ko...', Array, true)
#6 /var/www/yii/framework/web/CController.php(783): CController->renderPartial('search', Array, true)
#7 /var/www/yii/kowop/protected/controllers/SiteController.php(95): CController->render('search', Array)
#8 /var/www/yii/framework/web/actions/CInlineAction.php(50): SiteController->actionSearch()
#9 /var/www/yii/framework/web/CController.php(309): CInlineAction->runWithParams(Array)
#10 /var/www/yii/framework/web/CController.php(287): CController->runAction(Object(CInlineAction))
#11 /var/www/yii/framework/web/CController.php(266): CController->runActionWithFilters(Object(CInlineAction), Array)
#12 /var/www/yii/framework/web/CWebApplication.php(283): CController->run('search')
#13 /var/www/yii/framework/web/CWebApplication.php(142): CWebApplication->runController('site/search')
#14 /var/www/yii/framework/base/CApplication.php(162): CWebApplication->processRequest()
#15 /var/www/yii/kowop/index.php(13): CApplication->run()
#16 {main}
REQUEST_URI=/yii/kowop/index.php?r=site/search
HTTP_REFERER=http://192.168.1.59/yii/kowop/index.php
---
2012/11/10 11:23:08 [error] [exception.CException] exception 'CException' with message 'Property "KClass.0" is not defined.' in /var/www/yii/framework/base/CComponent.php:131
Stack trace:
#0 /var/www/yii/framework/db/ar/CActiveRecord.php(144): CComponent->__get('0')
#1 /var/www/yii/framework/base/CModel.php(593): CActiveRecord->__get('0')
#2 /var/www/yii/kowop/protected/views/site/search.php(14): CModel->offsetGet(0)
#3 /var/www/yii/framework/web/CBaseController.php(127): require('/var/www/yii/ko...')
#4 /var/www/yii/framework/web/CBaseController.php(96): CBaseController->renderInternal('/var/www/yii/ko...', Array, true)
#5 /var/www/yii/framework/web/CController.php(870): CBaseController->renderFile('/var/www/yii/ko...', Array, true)
#6 /var/www/yii/framework/web/CController.php(783): CController->renderPartial('search', Array, true)
#7 /var/www/yii/kowop/protected/controllers/SiteController.php(95): CController->render('search', Array)
#8 /var/www/yii/framework/web/actions/CInlineAction.php(50): SiteController->actionSearch()
#9 /var/www/yii/framework/web/CController.php(309): CInlineAction->runWithParams(Array)
#10 /var/www/yii/framework/web/CController.php(287): CController->runAction(Object(CInlineAction))
#11 /var/www/yii/framework/web/CController.php(266): CController->runActionWithFilters(Object(CInlineAction), Array)
#12 /var/www/yii/framework/web/CWebApplication.php(283): CController->run('search')
#13 /var/www/yii/framework/web/CWebApplication.php(142): CWebApplication->runController('site/search')
#14 /var/www/yii/framework/base/CApplication.php(162): CWebApplication->processRequest()
#15 /var/www/yii/kowop/index.php(13): CApplication->run()
#16 {main}
REQUEST_URI=/yii/kowop/index.php?r=site/search
HTTP_REFERER=http://192.168.1.59/yii/kowop/index.php
---
2012/11/10 11:26:28 [error] [exception.CHttpException.400] exception 'CHttpException' with message 'Your request is invalid.' in /var/www/yii/framework/web/CController.php:337
Stack trace:
#0 /var/www/yii/framework/web/CController.php(310): CController->invalidActionParams(Object(CInlineAction))
#1 /var/www/yii/framework/web/filters/CFilterChain.php(134): CController->runAction(Object(CInlineAction))
#2 /var/www/yii/framework/web/CController.php(292): CFilterChain->run()
#3 /var/www/yii/framework/web/CController.php(266): CController->runActionWithFilters(Object(CInlineAction), Array)
#4 /var/www/yii/framework/web/CWebApplication.php(283): CController->run('update')
#5 /var/www/yii/framework/web/CWebApplication.php(142): CWebApplication->runController('user/update')
#6 /var/www/yii/framework/base/CApplication.php(162): CWebApplication->processRequest()
#7 /var/www/yii/kowop/index.php(13): CApplication->run()
#8 {main}
REQUEST_URI=/yii/kowop/index.php?r=user/update
HTTP_REFERER=http://192.168.1.59/yii/kowop/index.php
---
2012/11/10 11:26:38 [error] [exception.CHttpException.404] exception 'CHttpException' with message 'The system is unable to find the requested action "update?id=1".' in /var/www/yii/framework/web/CController.php:484
Stack trace:
#0 /var/www/yii/framework/web/CController.php(271): CController->missingAction('update?id=1')
#1 /var/www/yii/framework/web/CWebApplication.php(283): CController->run('update?id=1')
#2 /var/www/yii/framework/web/CWebApplication.php(142): CWebApplication->runController('user/update?id=...')
#3 /var/www/yii/framework/base/CApplication.php(162): CWebApplication->processRequest()
#4 /var/www/yii/kowop/index.php(13): CApplication->run()
#5 {main}
REQUEST_URI=/yii/kowop/index.php?r=user/update?id=1
---
2012/11/10 11:31:32 [error] [exception.CHttpException.404] exception 'CHttpException' with message 'The system is unable to find the requested action "update?id=1".' in /var/www/yii/framework/web/CController.php:484
Stack trace:
#0 /var/www/yii/framework/web/CController.php(271): CController->missingAction('update?id=1')
#1 /var/www/yii/framework/web/CWebApplication.php(283): CController->run('update?id=1')
#2 /var/www/yii/framework/web/CWebApplication.php(142): CWebApplication->runController('user/update?id=...')
#3 /var/www/yii/framework/base/CApplication.php(162): CWebApplication->processRequest()
#4 /var/www/yii/kowop/index.php(13): CApplication->run()
#5 {main}
REQUEST_URI=/yii/kowop/index.php?r=user/update?id=1
---
2012/11/10 11:31:32 [error] [exception.CHttpException.400] exception 'CHttpException' with message 'Your request is invalid.' in /var/www/yii/framework/web/CController.php:337
Stack trace:
#0 /var/www/yii/framework/web/CController.php(310): CController->invalidActionParams(Object(CInlineAction))
#1 /var/www/yii/framework/web/filters/CFilterChain.php(134): CController->runAction(Object(CInlineAction))
#2 /var/www/yii/framework/web/CController.php(292): CFilterChain->run()
#3 /var/www/yii/framework/web/CController.php(266): CController->runActionWithFilters(Object(CInlineAction), Array)
#4 /var/www/yii/framework/web/CWebApplication.php(283): CController->run('update')
#5 /var/www/yii/framework/web/CWebApplication.php(142): CWebApplication->runController('user/update')
#6 /var/www/yii/framework/base/CApplication.php(162): CWebApplication->processRequest()
#7 /var/www/yii/kowop/index.php(13): CApplication->run()
#8 {main}
REQUEST_URI=/yii/kowop/index.php?r=user/update
HTTP_REFERER=http://192.168.1.59/yii/kowop/index.php
---
2012/11/10 11:31:33 [error] [php] Undefined variable: model (/var/www/yii/kowop/protected/views/site/index.php:22)
Stack trace:
#0 /var/www/yii/framework/web/CController.php(870): SiteController->renderFile()
#1 /var/www/yii/framework/web/CController.php(783): SiteController->renderPartial()
#2 /var/www/yii/kowop/protected/controllers/SiteController.php(34): SiteController->render()
#3 /var/www/yii/framework/web/actions/CInlineAction.php(50): SiteController->actionIndex()
#4 /var/www/yii/framework/web/CController.php(309): CInlineAction->runWithParams()
#5 /var/www/yii/framework/web/CController.php(287): SiteController->runAction()
#6 /var/www/yii/framework/web/CController.php(266): SiteController->runActionWithFilters()
#7 /var/www/yii/framework/web/CWebApplication.php(283): SiteController->run()
#8 /var/www/yii/framework/web/CWebApplication.php(142): CWebApplication->runController()
#9 /var/www/yii/framework/base/CApplication.php(162): CWebApplication->processRequest()
#10 /var/www/yii/kowop/index.php(13): CWebApplication->run()
REQUEST_URI=/yii/kowop/index.php
in /var/www/yii/kowop/protected/views/site/index.php (22)
in /var/www/yii/kowop/protected/controllers/SiteController.php (34)
in /var/www/yii/kowop/index.php (13)
2012/11/10 11:31:34 [error] [php] Undefined variable: model (/var/www/yii/kowop/protected/views/site/index.php:22)
Stack trace:
#0 /var/www/yii/framework/web/CController.php(870): SiteController->renderFile()
#1 /var/www/yii/framework/web/CController.php(783): SiteController->renderPartial()
#2 /var/www/yii/kowop/protected/controllers/SiteController.php(34): SiteController->render()
#3 /var/www/yii/framework/web/actions/CInlineAction.php(50): SiteController->actionIndex()
#4 /var/www/yii/framework/web/CController.php(309): CInlineAction->runWithParams()
#5 /var/www/yii/framework/web/CController.php(287): SiteController->runAction()
#6 /var/www/yii/framework/web/CController.php(266): SiteController->runActionWithFilters()
#7 /var/www/yii/framework/web/CWebApplication.php(283): SiteController->run()
#8 /var/www/yii/framework/web/CWebApplication.php(142): CWebApplication->runController()
#9 /var/www/yii/framework/base/CApplication.php(162): CWebApplication->processRequest()
#10 /var/www/yii/kowop/index.php(13): CWebApplication->run()
REQUEST_URI=/yii/kowop/index.php
in /var/www/yii/kowop/protected/views/site/index.php (22)
in /var/www/yii/kowop/protected/controllers/SiteController.php (34)
in /var/www/yii/kowop/index.php (13)
2012/11/10 11:32:56 [error] [exception.CHttpException.404] exception 'CHttpException' with message 'The system is unable to find the requested action "update?id=1".' in /var/www/yii/framework/web/CController.php:484
Stack trace:
#0 /var/www/yii/framework/web/CController.php(271): CController->missingAction('update?id=1')
#1 /var/www/yii/framework/web/CWebApplication.php(283): CController->run('update?id=1')
#2 /var/www/yii/framework/web/CWebApplication.php(142): CWebApplication->runController('user/update?id=...')
#3 /var/www/yii/framework/base/CApplication.php(162): CWebApplication->processRequest()
#4 /var/www/yii/kowop/index.php(13): CApplication->run()
#5 {main}
REQUEST_URI=/yii/kowop/index.php?r=user/update?id=1
HTTP_REFERER=http://192.168.1.59/yii/kowop/index.php
---
2012/11/10 11:36:02 [error] [exception.CHttpException.404] exception 'CHttpException' with message 'Unable to resolve the request "yii/kowop/index.php?r=user/update".' in /var/www/yii/framework/web/CWebApplication.php:287
Stack trace:
#0 /var/www/yii/framework/web/CWebApplication.php(142): CWebApplication->runController('yii/kowop/index...')
#1 /var/www/yii/framework/base/CApplication.php(162): CWebApplication->processRequest()
#2 /var/www/yii/kowop/index.php(13): CApplication->run()
#3 {main}
REQUEST_URI=/yii/kowop/index.php?r=yii/kowop/index.php?r=user/update&id=1
HTTP_REFERER=http://192.168.1.59/yii/kowop/index.php
---
2012/11/10 11:39:17 [error] [exception.CException] exception 'CException' with message 'Property "User.Name" is not defined.' in /var/www/yii/framework/base/CComponent.php:131
Stack trace:
#0 /var/www/yii/framework/db/ar/CActiveRecord.php(144): CComponent->__get('Name')
#1 /var/www/yii/kowop/protected/views/user/update.php(19): CActiveRecord->__get('Name')
#2 /var/www/yii/framework/web/CBaseController.php(127): require('/var/www/yii/ko...')
#3 /var/www/yii/framework/web/CBaseController.php(96): CBaseController->renderInternal('/var/www/yii/ko...', Array, true)
#4 /var/www/yii/framework/web/CController.php(870): CBaseController->renderFile('/var/www/yii/ko...', Array, true)
#5 /var/www/yii/framework/web/CController.php(783): CController->renderPartial('update', Array, true)
#6 /var/www/yii/kowop/protected/controllers/UserController.php(112): CController->render('update', Array)
#7 [internal function]: UserController->actionUpdate('1')
#8 /var/www/yii/framework/web/actions/CAction.php(107): ReflectionMethod->invokeArgs(Object(UserController), Array)
#9 /var/www/yii/framework/web/actions/CInlineAction.php(48): CAction->runWithParamsInternal(Object(UserController), Object(ReflectionMethod), Array)
#10 /var/www/yii/framework/web/CController.php(309): CInlineAction->runWithParams(Array)
#11 /var/www/yii/framework/web/filters/CFilterChain.php(134): CController->runAction(Object(CInlineAction))
#12 /var/www/yii/framework/web/CController.php(292): CFilterChain->run()
#13 /var/www/yii/framework/web/CController.php(266): CController->runActionWithFilters(Object(CInlineAction), Array)
#14 /var/www/yii/framework/web/CWebApplication.php(283): CController->run('update')
#15 /var/www/yii/framework/web/CWebApplication.php(142): CWebApplication->runController('user/update')
#16 /var/www/yii/framework/base/CApplication.php(162): CWebApplication->processRequest()
#17 /var/www/yii/kowop/index.php(13): CApplication->run()
#18 {main}
REQUEST_URI=/yii/kowop/index.php?r=user/update&id=1
HTTP_REFERER=http://192.168.1.59/yii/kowop/index.php
---
2012/11/10 11:45:36 [error] [exception.CHttpException.400] exception 'CHttpException' with message 'Your request is invalid.' in /var/www/yii/framework/web/CController.php:337
Stack trace:
#0 /var/www/yii/framework/web/CController.php(310): CController->invalidActionParams(Object(CInlineAction))
#1 /var/www/yii/framework/web/filters/CFilterChain.php(134): CController->runAction(Object(CInlineAction))
#2 /var/www/yii/framework/web/CController.php(292): CFilterChain->run()
#3 /var/www/yii/framework/web/CController.php(266): CController->runActionWithFilters(Object(CInlineAction), Array)
#4 /var/www/yii/framework/web/CWebApplication.php(283): CController->run('view')
#5 /var/www/yii/framework/web/CWebApplication.php(142): CWebApplication->runController('class/view')
#6 /var/www/yii/framework/base/CApplication.php(162): CWebApplication->processRequest()
#7 /var/www/yii/kowop/index.php(13): CApplication->run()
#8 {main}
REQUEST_URI=/yii/kowop/index.php?r=class/view
---
2012/11/10 11:45:42 [error] [exception.CHttpException.404] exception 'CHttpException' with message 'The requested page does not exist.' in /var/www/yii/kowop/protected/controllers/ClassController.php:200
Stack trace:
#0 /var/www/yii/kowop/protected/controllers/ClassController.php(58): ClassController->loadModel('1')
#1 [internal function]: ClassController->actionView('1')
#2 /var/www/yii/framework/web/actions/CAction.php(107): ReflectionMethod->invokeArgs(Object(ClassController), Array)
#3 /var/www/yii/framework/web/actions/CInlineAction.php(48): CAction->runWithParamsInternal(Object(ClassController), Object(ReflectionMethod), Array)
#4 /var/www/yii/framework/web/CController.php(309): CInlineAction->runWithParams(Array)
#5 /var/www/yii/framework/web/filters/CFilterChain.php(134): CController->runAction(Object(CInlineAction))
#6 /var/www/yii/framework/web/CController.php(292): CFilterChain->run()
#7 /var/www/yii/framework/web/CController.php(266): CController->runActionWithFilters(Object(CInlineAction), Array)
#8 /var/www/yii/framework/web/CWebApplication.php(283): CController->run('view')
#9 /var/www/yii/framework/web/CWebApplication.php(142): CWebApplication->runController('class/view')
#10 /var/www/yii/framework/base/CApplication.php(162): CWebApplication->processRequest()
#11 /var/www/yii/kowop/index.php(13): CApplication->run()
#12 {main}
REQUEST_URI=/yii/kowop/index.php?r=class/view&id=1
---
2012/11/10 11:46:01 [error] [exception.CHttpException.404] exception 'CHttpException' with message 'The requested page does not exist.' in /var/www/yii/kowop/protected/controllers/ClassController.php:200
Stack trace:
#0 /var/www/yii/kowop/protected/controllers/ClassController.php(58): ClassController->loadModel('1')
#1 [internal function]: ClassController->actionView('1')
#2 /var/www/yii/framework/web/actions/CAction.php(107): ReflectionMethod->invokeArgs(Object(ClassController), Array)
#3 /var/www/yii/framework/web/actions/CInlineAction.php(48): CAction->runWithParamsInternal(Object(ClassController), Object(ReflectionMethod), Array)
#4 /var/www/yii/framework/web/CController.php(309): CInlineAction->runWithParams(Array)
#5 /var/www/yii/framework/web/filters/CFilterChain.php(134): CController->runAction(Object(CInlineAction))
#6 /var/www/yii/framework/web/CController.php(292): CFilterChain->run()
#7 /var/www/yii/framework/web/CController.php(266): CController->runActionWithFilters(Object(CInlineAction), Array)
#8 /var/www/yii/framework/web/CWebApplication.php(283): CController->run('view')
#9 /var/www/yii/framework/web/CWebApplication.php(142): CWebApplication->runController('class/view')
#10 /var/www/yii/framework/base/CApplication.php(162): CWebApplication->processRequest()
#11 /var/www/yii/kowop/index.php(13): CApplication->run()
#12 {main}
REQUEST_URI=/yii/kowop/index.php?r=class/view&id=1
---
2012/11/10 13:29:20 [error] [exception.CHttpException.404] exception 'CHttpException' with message 'The requested page does not exist.' in /var/www/yii/kowop/protected/controllers/ClassController.php:200
Stack trace:
#0 /var/www/yii/kowop/protected/controllers/ClassController.php(58): ClassController->loadModel('1')
#1 [internal function]: ClassController->actionView('1')
#2 /var/www/yii/framework/web/actions/CAction.php(107): ReflectionMethod->invokeArgs(Object(ClassController), Array)
#3 /var/www/yii/framework/web/actions/CInlineAction.php(48): CAction->runWithParamsInternal(Object(ClassController), Object(ReflectionMethod), Array)
#4 /var/www/yii/framework/web/CController.php(309): CInlineAction->runWithParams(Array)
#5 /var/www/yii/framework/web/filters/CFilterChain.php(134): CController->runAction(Object(CInlineAction))
#6 /var/www/yii/framework/web/CController.php(292): CFilterChain->run()
#7 /var/www/yii/framework/web/CController.php(266): CController->runActionWithFilters(Object(CInlineAction), Array)
#8 /var/www/yii/framework/web/CWebApplication.php(283): CController->run('view')
#9 /var/www/yii/framework/web/CWebApplication.php(142): CWebApplication->runController('class/view')
#10 /var/www/yii/framework/base/CApplication.php(162): CWebApplication->processRequest()
#11 /var/www/yii/kowop/index.php(13): CApplication->run()
#12 {main}
REQUEST_URI=/yii/kowop/index.php?r=class/view&id=1
---
2012/11/10 14:10:55 [error] [exception.CHttpException.404] exception 'CHttpException' with message 'The requested page does not exist.' in /var/www/yii/kowop/protected/controllers/ClassController.php:200
Stack trace:
#0 /var/www/yii/kowop/protected/controllers/ClassController.php(58): ClassController->loadModel('1')
#1 [internal function]: ClassController->actionView('1')
#2 /var/www/yii/framework/web/actions/CAction.php(107): ReflectionMethod->invokeArgs(Object(ClassController), Array)
#3 /var/www/yii/framework/web/actions/CInlineAction.php(48): CAction->runWithParamsInternal(Object(ClassController), Object(ReflectionMethod), Array)
#4 /var/www/yii/framework/web/CController.php(309): CInlineAction->runWithParams(Array)
#5 /var/www/yii/framework/web/filters/CFilterChain.php(134): CController->runAction(Object(CInlineAction))
#6 /var/www/yii/framework/web/CController.php(292): CFilterChain->run()
#7 /var/www/yii/framework/web/CController.php(266): CController->runActionWithFilters(Object(CInlineAction), Array)
#8 /var/www/yii/framework/web/CWebApplication.php(283): CController->run('view')
#9 /var/www/yii/framework/web/CWebApplication.php(142): CWebApplication->runController('class/view')
#10 /var/www/yii/framework/base/CApplication.php(162): CWebApplication->processRequest()
#11 /var/www/yii/kowop/index.php(13): CApplication->run()
#12 {main}
REQUEST_URI=/yii/kowop/index.php?r=class/view&id=1
---
2012/11/10 14:10:56 [error] [exception.CHttpException.400] exception 'CHttpException' with message 'Your request is invalid.' in /var/www/yii/framework/web/CController.php:337
Stack trace:
#0 /var/www/yii/framework/web/CController.php(310): CController->invalidActionParams(Object(CInlineAction))
#1 /var/www/yii/framework/web/filters/CFilterChain.php(134): CController->runAction(Object(CInlineAction))
#2 /var/www/yii/framework/web/CController.php(292): CFilterChain->run()
#3 /var/www/yii/framework/web/CController.php(266): CController->runActionWithFilters(Object(CInlineAction), Array)
#4 /var/www/yii/framework/web/CWebApplication.php(283): CController->run('view')
#5 /var/www/yii/framework/web/CWebApplication.php(142): CWebApplication->runController('class/view')
#6 /var/www/yii/framework/base/CApplication.php(162): CWebApplication->processRequest()
#7 /var/www/yii/kowop/index.php(13): CApplication->run()
#8 {main}
REQUEST_URI=/yii/kowop/index.php?r=class/view
---
2012/11/10 16:08:50 [error] [exception.CHttpException.404] exception 'CHttpException' with message 'The requested page does not exist.' in /var/www/yii/kowop/protected/controllers/UserController.php:169
Stack trace:
#0 /var/www/yii/kowop/protected/controllers/UserController.php(58): UserController->loadModel('2')
#1 [internal function]: UserController->actionView('2')
#2 /var/www/yii/framework/web/actions/CAction.php(107): ReflectionMethod->invokeArgs(Object(UserController), Array)
#3 /var/www/yii/framework/web/actions/CInlineAction.php(48): CAction->runWithParamsInternal(Object(UserController), Object(ReflectionMethod), Array)
#4 /var/www/yii/framework/web/CController.php(309): CInlineAction->runWithParams(Array)
#5 /var/www/yii/framework/web/filters/CFilterChain.php(134): CController->runAction(Object(CInlineAction))
#6 /var/www/yii/framework/web/CController.php(292): CFilterChain->run()
#7 /var/www/yii/framework/web/CController.php(266): CController->runActionWithFilters(Object(CInlineAction), Array)
#8 /var/www/yii/framework/web/CWebApplication.php(283): CController->run('view')
#9 /var/www/yii/framework/web/CWebApplication.php(142): CWebApplication->runController('user/view')
#10 /var/www/yii/framework/base/CApplication.php(162): CWebApplication->processRequest()
#11 /var/www/yii/kowop/index.php(13): CApplication->run()
#12 {main}
REQUEST_URI=/yii/kowop/index.php?r=user/view&id=2
HTTP_REFERER=http://192.168.1.59/yii/kowop/index.php?r=user
---
2012/11/10 17:17:43 [error] [exception.CException] exception 'CException' with message 'Property "RatingController.breadcrumbs" is not defined.' in /var/www/yii/framework/base/CComponent.php:174
Stack trace:
#0 /var/www/yii/kowop/protected/views/rating/index.php(5): CComponent->__set('breadcrumbs', Array)
#1 /var/www/yii/framework/web/CBaseController.php(127): require('/var/www/yii/ko...')
#2 /var/www/yii/framework/web/CBaseController.php(96): CBaseController->renderInternal('/var/www/yii/ko...', Array, true)
#3 /var/www/yii/framework/web/CController.php(870): CBaseController->renderFile('/var/www/yii/ko...', Array, true)
#4 /var/www/yii/framework/web/CController.php(783): CController->renderPartial('index', Array, true)
#5 /var/www/yii/kowop/protected/controllers/RatingController.php(128): CController->render('index', Array)
#6 /var/www/yii/framework/web/actions/CInlineAction.php(50): RatingController->actionIndex()
#7 /var/www/yii/framework/web/CController.php(309): CInlineAction->runWithParams(Array)
#8 /var/www/yii/framework/web/filters/CFilterChain.php(134): CController->runAction(Object(CInlineAction))
#9 /var/www/yii/framework/web/filters/CFilter.php(41): CFilterChain->run()
#10 /var/www/yii/framework/web/CController.php(1146): CFilter->filter(Object(CFilterChain))
#11 /var/www/yii/framework/web/filters/CInlineFilter.php(59): CController->filterAccessControl(Object(CFilterChain))
#12 /var/www/yii/framework/web/filters/CFilterChain.php(131): CInlineFilter->filter(Object(CFilterChain))
#13 /var/www/yii/framework/web/CController.php(292): CFilterChain->run()
#14 /var/www/yii/framework/web/CController.php(266): CController->runActionWithFilters(Object(CInlineAction), Array)
#15 /var/www/yii/framework/web/CWebApplication.php(283): CController->run('')
#16 /var/www/yii/framework/web/CWebApplication.php(142): CWebApplication->runController('rating')
#17 /var/www/yii/framework/base/CApplication.php(162): CWebApplication->processRequest()
#18 /var/www/yii/kowop/index.php(13): CApplication->run()
#19 {main}
REQUEST_URI=/yii/kowop/index.php?r=rating
HTTP_REFERER=http://192.168.1.59/yii/kowop/index.php?r=gii/crud
---
